<?xml version="1.0" encoding="UTF-8"?>
<testng-results skipped="0" failed="0" ignored="0" total="1" passed="1">
  <reporter-output>
  </reporter-output>
  <suite name="Default suite" duration-ms="31686" started-at="2021-01-14T21:04:22 IST" finished-at="2021-01-14T21:04:54 IST">
    <groups>
    </groups>
    <test name="Default test" duration-ms="31686" started-at="2021-01-14T21:04:22 IST" finished-at="2021-01-14T21:04:54 IST">
      <class name="com.emamiweb.testCases.MaterialCostTest">
        <test-method status="PASS" signature="setup()[pri:0, instance:com.emamiweb.testCases.MaterialCostTest@7a1ebcd8]" name="setup" is-config="true" duration-ms="6023" started-at="2021-01-14T21:04:22 IST" finished-at="2021-01-14T21:04:28 IST">
          <reporter-output>
          </reporter-output>
        </test-method> <!-- setup -->
        <test-method status="PASS" signature="MCP(java.lang.String)[pri:0, instance:com.emamiweb.testCases.MaterialCostTest@7a1ebcd8]" name="MCP" duration-ms="25625" started-at="2021-01-14T21:04:28 IST" finished-at="2021-01-14T21:04:54 IST">
          <params>
            <param index="0">
              <value>
                <![CDATA[Admin]]>
              </value>
            </param>
          </params>
          <reporter-output>
          </reporter-output>
        </test-method> <!-- MCP -->
      </class> <!-- com.emamiweb.testCases.MaterialCostTest -->
    </test> <!-- Default test -->
  </suite> <!-- Default suite -->
</testng-results>
